<?xml version="1.0" encoding="UTF-8"?>
<testng-results skipped="0" failed="0" ignored="0" total="5" passed="5">
  <reporter-output>
  </reporter-output>
  <suite name="testRunner.TestRunner" duration-ms="358" started-at="2023-05-18T07:20:08Z" finished-at="2023-05-18T07:20:08Z">
    <groups>
      <group name="cucumber">
        <method signature="AbstractTestNGCucumberTests.runScenario(io.cucumber.testng.PickleWrapper, io.cucumber.testng.FeatureWrapper)[pri:0, instance:testRunner.TestRunner@4909b8da]" name="runScenario" class="io.cucumber.testng.AbstractTestNGCucumberTests"/>
      </group> <!-- cucumber -->
    </groups>
    <test name="Command line test" duration-ms="358" started-at="2023-05-18T07:20:08Z" finished-at="2023-05-18T07:20:08Z">
      <class name="testRunner.TestRunner">
        <test-method status="PASS" signature="setUpClass(org.testng.ITestContext)[pri:0, instance:testRunner.TestRunner@4909b8da]" name="setUpClass" is-config="true" duration-ms="253" started-at="2023-05-18T07:20:08Z" finished-at="2023-05-18T07:20:08Z">
          <params>
            <param index="0">
              <value>
                <![CDATA[org.testng.TestRunner@15de0b3c]]>
              </value>
            </param>
          </params>
          <reporter-output>
          </reporter-output>
        </test-method> <!-- setUpClass -->
        <test-method status="PASS" signature="runScenario(io.cucumber.testng.PickleWrapper, io.cucumber.testng.FeatureWrapper)[pri:0, instance:testRunner.TestRunner@4909b8da]" name="runScenario" duration-ms="76" started-at="2023-05-18T07:20:08Z" description="Runs Cucumber Scenarios" data-provider="scenarios" finished-at="2023-05-18T07:20:08Z">
          <params>
            <param index="0">
              <value>
                <![CDATA["Login into yahoo with valid credentials1"]]>
              </value>
            </param>
            <param index="1">
              <value>
                <![CDATA["Login into yahoo"]]>
              </value>
            </param>
          </params>
          <reporter-output>
          </reporter-output>
        </test-method> <!-- runScenario -->
        <test-method status="PASS" signature="runScenario(io.cucumber.testng.PickleWrapper, io.cucumber.testng.FeatureWrapper)[pri:0, instance:testRunner.TestRunner@4909b8da]" name="runScenario" duration-ms="3" started-at="2023-05-18T07:20:08Z" description="Runs Cucumber Scenarios" data-provider="scenarios" finished-at="2023-05-18T07:20:08Z">
          <params>
            <param index="0">
              <value>
                <![CDATA["Login into yahoo with valid credentials1"]]>
              </value>
            </param>
            <param index="1">
              <value>
                <![CDATA["Login into yahoo"]]>
              </value>
            </param>
          </params>
          <reporter-output>
          </reporter-output>
        </test-method> <!-- runScenario -->
        <test-method status="PASS" signature="runScenario(io.cucumber.testng.PickleWrapper, io.cucumber.testng.FeatureWrapper)[pri:0, instance:testRunner.TestRunner@4909b8da]" name="runScenario" duration-ms="2" started-at="2023-05-18T07:20:08Z" description="Runs Cucumber Scenarios" data-provider="scenarios" finished-at="2023-05-18T07:20:08Z">
          <params>
            <param index="0">
              <value>
                <![CDATA["Login into yahoo with valid credentials1"]]>
              </value>
            </param>
            <param index="1">
              <value>
                <![CDATA["Login into yahoo"]]>
              </value>
            </param>
          </params>
          <reporter-output>
          </reporter-output>
        </test-method> <!-- runScenario -->
        <test-method status="PASS" signature="runScenario(io.cucumber.testng.PickleWrapper, io.cucumber.testng.FeatureWrapper)[pri:0, instance:testRunner.TestRunner@4909b8da]" name="runScenario" duration-ms="2" started-at="2023-05-18T07:20:08Z" description="Runs Cucumber Scenarios" data-provider="scenarios" finished-at="2023-05-18T07:20:08Z">
          <params>
            <param index="0">
              <value>
                <![CDATA["Login into yahoo with valid credentials1"]]>
              </value>
            </param>
            <param index="1">
              <value>
                <![CDATA["Login into yahoo"]]>
              </value>
            </param>
          </params>
          <reporter-output>
          </reporter-output>
        </test-method> <!-- runScenario -->
        <test-method status="PASS" signature="runScenario(io.cucumber.testng.PickleWrapper, io.cucumber.testng.FeatureWrapper)[pri:0, instance:testRunner.TestRunner@4909b8da]" name="runScenario" duration-ms="1" started-at="2023-05-18T07:20:08Z" description="Runs Cucumber Scenarios" data-provider="scenarios" finished-at="2023-05-18T07:20:08Z">
          <params>
            <param index="0">
              <value>
                <![CDATA["Login into yahoo with valid credentials1"]]>
              </value>
            </param>
            <param index="1">
              <value>
                <![CDATA["Login into yahoo"]]>
              </value>
            </param>
          </params>
          <reporter-output>
          </reporter-output>
        </test-method> <!-- runScenario -->
        <test-method status="PASS" signature="tearDownClass()[pri:0, instance:testRunner.TestRunner@4909b8da]" name="tearDownClass" is-config="true" duration-ms="2" started-at="2023-05-18T07:20:08Z" finished-at="2023-05-18T07:20:08Z">
          <reporter-output>
          </reporter-output>
        </test-method> <!-- tearDownClass -->
      </class> <!-- testRunner.TestRunner -->
    </test> <!-- Command line test -->
  </suite> <!-- testRunner.TestRunner -->
</testng-results>
